<?xml version="1.0" encoding="UTF-8"?>
<!-- Generated by org.testng.reporters.JUnitXMLReporter -->
<testsuite ignored="0" hostname="DESKTOP-3TPGLCE" failures="0" tests="6" name="ParallelTest" time="0.191" errors="0" timestamp="2022-03-25T11:10:55 EDT">
  <testcase classname="selenium_basic.TestNG1" name="TestCase1" time="0.01"/>
  <testcase classname="selenium_basic.TestNG2" name="TestCase1" time="0.013"/>
  <testcase classname="selenium_basic.TestNG2" name="TestCase2" time="0.004"/>
  <testcase classname="selenium_basic.TestNG2" name="TestCase3" time="0.003"/>
  <testcase classname="selenium_basic.TestNG1" name="TestCase2" time="0.006"/>
  <testcase classname="selenium_basic.TestNG1" name="TestCase3" time="0.015"/>
</testsuite> <!-- ParallelTest -->
