<?xml version="1.0" encoding="UTF-8"?>
<!-- Generated by org.testng.reporters.JUnitXMLReporter -->
<testsuite ignored="2" hostname="DESKTOP-3TPGLCE" failures="0" tests="1" name="Test" time="0.097" errors="0" timestamp="2022-03-28T06:06:39 EDT">
  <testcase classname="selenium_basic.dependsongroup" name="TestCase1" time="0.02"/>
  <testcase classname="selenium_basic.dependsongroup" name="TestCase2" time="0.0">
    <ignored/>
  </testcase> <!-- TestCase2 -->
  <testcase classname="selenium_basic.dependsongroup" name="TestCase3" time="0.0">
    <ignored/>
  </testcase> <!-- TestCase3 -->
</testsuite> <!-- Test -->
