<?xml version="1.0" encoding="UTF-8"?>
<!-- Generated by org.testng.reporters.JUnitXMLReporter -->
<testsuite ignored="0" hostname="DESKTOP-3TPGLCE" failures="0" tests="6" name="testngparallel" time="0.111" errors="0" timestamp="2022-03-25T11:26:08 EDT">
  <testcase classname="selenium_basic.TestNG1" name="TestCase1" time="0.011"/>
  <testcase classname="selenium_basic.TestNG2" name="TestCase1" time="0.009"/>
  <testcase classname="selenium_basic.TestNG1" name="TestCase2" time="0.002"/>
  <testcase classname="selenium_basic.TestNG1" name="TestCase3" time="0.005"/>
  <testcase classname="selenium_basic.TestNG2" name="TestCase2" time="0.014"/>
  <testcase classname="selenium_basic.TestNG2" name="TestCase3" time="0.002"/>
</testsuite> <!-- testngparallel -->
