<?xml version="1.0" encoding="UTF-8"?>
<testng-results ignored="0" total="2" passed="2" failed="0" skipped="0">
  <reporter-output>
  </reporter-output>
  <suite started-at="2022-03-29T15:01:07 EDT" name="Default suite" finished-at="2022-03-29T15:01:30 EDT" duration-ms="22683">
    <groups>
    </groups>
    <test started-at="2022-03-29T15:01:07 EDT" name="Default test" finished-at="2022-03-29T15:01:30 EDT" duration-ms="22683">
      <class name="selenium_basic.dataprovider">
        <test-method is-config="true" signature="beforemethod()[pri:0, instance:selenium_basic.dataprovider@5f9b2141]" started-at="2022-03-29T15:01:07 EDT" name="beforemethod" finished-at="2022-03-29T15:01:14 EDT" duration-ms="7365" status="PASS">
          <reporter-output>
          </reporter-output>
        </test-method> <!-- beforemethod -->
        <test-method signature="Testcase1(java.lang.String,java.lang.String)[pri:0, instance:selenium_basic.dataprovider@5f9b2141]" started-at="2022-03-29T15:01:14 EDT" name="Testcase1" data-provider="Testdata" finished-at="2022-03-29T15:01:17 EDT" duration-ms="2681" status="PASS">
          <params>
            <param index="0">
              <value>
                <![CDATA[annsiva143@gmail.com]]>
              </value>
            </param>
            <param index="1">
              <value>
                <![CDATA[Aju2021$]]>
              </value>
            </param>
          </params>
          <reporter-output>
          </reporter-output>
        </test-method> <!-- Testcase1 -->
        <test-method is-config="true" signature="beforemethod()[pri:0, instance:selenium_basic.dataprovider@5f9b2141]" started-at="2022-03-29T15:01:17 EDT" name="beforemethod" finished-at="2022-03-29T15:01:25 EDT" duration-ms="7501" status="PASS">
          <reporter-output>
          </reporter-output>
        </test-method> <!-- beforemethod -->
        <test-method signature="Testcase1(java.lang.String,java.lang.String)[pri:0, instance:selenium_basic.dataprovider@5f9b2141]" started-at="2022-03-29T15:01:25 EDT" name="Testcase1" data-provider="Testdata" finished-at="2022-03-29T15:01:30 EDT" duration-ms="5066" status="PASS">
          <params>
            <param index="0">
              <value>
                <![CDATA[Anjusivachandran@gmail.com]]>
              </value>
            </param>
            <param index="1">
              <value>
                <![CDATA[Anjusiva@123]]>
              </value>
            </param>
          </params>
          <reporter-output>
          </reporter-output>
        </test-method> <!-- Testcase1 -->
      </class> <!-- selenium_basic.dataprovider -->
    </test> <!-- Default test -->
  </suite> <!-- Default suite -->
</testng-results>
